2023-03-14T15:13:10+00:00 DEBUG tt4b_product_sync: missing access token for tt4b_product_sync
2023-03-14T15:13:31+00:00 DEBUG tt4b_product_sync: missing access token for tt4b_product_sync
2023-03-14T15:13:58+00:00 DEBUG tt4b_product_sync: missing access token for tt4b_product_sync
2023-03-14T15:14:08+00:00 DEBUG tt4b_product_sync: missing access token for tt4b_product_sync
2023-03-14T15:16:08+00:00 DEBUG tt4b_product_sync: missing access token for tt4b_product_sync
2023-03-14T15:16:20+00:00 DEBUG tt4b_product_sync: missing access token for tt4b_product_sync
2023-03-14T15:16:28+00:00 DEBUG tt4b_product_sync: missing access token for tt4b_product_sync
2023-03-14T15:16:31+00:00 DEBUG tt4b_product_sync: missing access token for tt4b_product_sync
2023-03-14T15:16:35+00:00 DEBUG tt4b_product_sync: missing access token for tt4b_product_sync
2023-03-14T15:16:39+00:00 DEBUG tt4b_product_sync: missing access token for tt4b_product_sync
2023-03-14T15:16:39+00:00 DEBUG tt4b_product_sync: missing access token for tt4b_product_sync
2023-03-14T15:16:54+00:00 DEBUG tt4b_product_sync: missing access token for tt4b_product_sync
2023-03-14T15:17:36+00:00 DEBUG tt4b_product_sync: missing access token for tt4b_product_sync
2023-03-14T15:17:40+00:00 DEBUG tt4b_product_sync: missing access token for tt4b_product_sync
2023-03-14T15:18:42+00:00 DEBUG tt4b_product_sync: missing access token for tt4b_product_sync
2023-03-14T15:18:55+00:00 DEBUG tt4b_product_sync: missing access token for tt4b_product_sync
2023-03-14T15:18:55+00:00 DEBUG tt4b_product_sync: missing access token for tt4b_product_sync
2023-03-14T15:19:47+00:00 DEBUG tt4b_product_sync: missing access token for tt4b_product_sync
2023-03-14T15:20:30+00:00 DEBUG tt4b_product_sync: missing access token for tt4b_product_sync
2023-03-14T15:21:29+00:00 DEBUG tt4b_product_sync: missing access token for tt4b_product_sync
2023-03-14T15:22:46+00:00 DEBUG tt4b_product_sync: missing access token for tt4b_product_sync
2023-03-14T15:23:12+00:00 DEBUG tt4b_product_sync: missing access token for tt4b_product_sync
2023-03-14T15:24:40+00:00 DEBUG Tt4b_Pixel_Class::inject_view_content_event: hit injectViewContentEvent
2023-03-14T15:24:40+00:00 DEBUG Tt4b_Pixel_Class::inject_view_content_event: Missing option "access_token"
2023-03-14T15:25:35+00:00 DEBUG tt4b_product_sync: missing access token for tt4b_product_sync
2023-03-14T15:25:43+00:00 DEBUG tt4b_product_sync: missing access token for tt4b_product_sync
2023-03-14T15:26:00+00:00 DEBUG tt4b_product_sync: missing access token for tt4b_product_sync
2023-03-14T15:26:10+00:00 DEBUG tt4b_product_sync: missing access token for tt4b_product_sync
2023-03-14T15:26:16+00:00 DEBUG Tt4b_Pixel_Class::inject_view_content_event: hit injectViewContentEvent
2023-03-14T15:26:16+00:00 DEBUG Tt4b_Pixel_Class::inject_view_content_event: Missing option "access_token"
2023-03-14T15:26:21+00:00 DEBUG Tt4b_Pixel_Class::inject_add_to_cart_event: hit injectAddToCartEvent
2023-03-14T15:26:21+00:00 DEBUG Tt4b_Pixel_Class::inject_add_to_cart_event: Missing option "access_token"
2023-03-14T15:26:22+00:00 DEBUG Tt4b_Pixel_Class::inject_view_content_event: hit injectViewContentEvent
2023-03-14T15:26:22+00:00 DEBUG Tt4b_Pixel_Class::inject_view_content_event: Missing option "access_token"
2023-03-14T15:26:32+00:00 DEBUG Tt4b_Pixel_Class::inject_start_checkout: hit injectStartCheckout
2023-03-14T15:26:32+00:00 DEBUG Tt4b_Pixel_Class::inject_start_checkout: Missing option "access_token"
2023-03-14T15:29:57+00:00 DEBUG Tt4b_Pixel_Class::inject_start_checkout: hit injectStartCheckout
2023-03-14T15:29:57+00:00 DEBUG Tt4b_Pixel_Class::inject_start_checkout: Missing option "access_token"
2023-03-14T15:30:12+00:00 DEBUG Tt4b_Pixel_Class::inject_start_checkout: hit injectStartCheckout
2023-03-14T15:30:12+00:00 DEBUG Tt4b_Pixel_Class::inject_start_checkout: Missing option "access_token"
2023-03-14T15:30:29+00:00 DEBUG Tt4b_Pixel_Class::inject_purchase_event: hit injectPurchaseEvent
2023-03-14T15:30:29+00:00 DEBUG Tt4b_Pixel_Class::inject_purchase_event: Missing option "access_token"
